<?xml version="1.0" encoding="UTF-8"?>
<testsuite xmlns:xsi="http://www.w3.org/2001/XMLSchema-instance" xsi:noNamespaceSchemaLocation="https://maven.apache.org/surefire/maven-surefire-plugin/xsd/surefire-test-report-3.0.xsd" version="3.0" name="com.sistema.escola.repository.CursoRepositoryTests" time="1.185" tests="3" errors="0" skipped="0" failures="0">
  <properties>
    <property name="java.specification.version" value="21"/>
    <property name="sun.jnu.encoding" value="UTF-8"/>
    <property name="java.class.path" value="/home/jo-o-tagliarini/eclipse-workspace/escola/target/test-classes:/home/jo-o-tagliarini/eclipse-workspace/escola/target/classes:/home/jo-o-tagliarini/.m2/repository/org/springframework/boot/spring-boot-starter-data-jpa/3.3.5/spring-boot-starter-data-jpa-3.3.5.jar:/home/jo-o-tagliarini/.m2/repository/org/springframework/boot/spring-boot-starter-aop/3.3.5/spring-boot-starter-aop-3.3.5.jar:/home/jo-o-tagliarini/.m2/repository/org/springframework/spring-aop/6.1.14/spring-aop-6.1.14.jar:/home/jo-o-tagliarini/.m2/repository/org/aspectj/aspectjweaver/1.9.22.1/aspectjweaver-1.9.22.1.jar:/home/jo-o-tagliarini/.m2/repository/org/springframework/boot/spring-boot-starter-jdbc/3.3.5/spring-boot-starter-jdbc-3.3.5.jar:/home/jo-o-tagliarini/.m2/repository/com/zaxxer/HikariCP/5.1.0/HikariCP-5.1.0.jar:/home/jo-o-tagliarini/.m2/repository/org/springframework/spring-jdbc/6.1.14/spring-jdbc-6.1.14.jar:/home/jo-o-tagliarini/.m2/repository/org/hibernate/orm/hibernate-core/6.5.3.Final/hibernate-core-6.5.3.Final.jar:/home/jo-o-tagliarini/.m2/repository/jakarta/persistence/jakarta.persistence-api/3.1.0/jakarta.persistence-api-3.1.0.jar:/home/jo-o-tagliarini/.m2/repository/jakarta/transaction/jakarta.transaction-api/2.0.1/jakarta.transaction-api-2.0.1.jar:/home/jo-o-tagliarini/.m2/repository/org/jboss/logging/jboss-logging/3.5.3.Final/jboss-logging-3.5.3.Final.jar:/home/jo-o-tagliarini/.m2/repository/org/hibernate/common/hibernate-commons-annotations/6.0.6.Final/hibernate-commons-annotations-6.0.6.Final.jar:/home/jo-o-tagliarini/.m2/repository/io/smallrye/jandex/3.1.2/jandex-3.1.2.jar:/home/jo-o-tagliarini/.m2/repository/com/fasterxml/classmate/1.7.0/classmate-1.7.0.jar:/home/jo-o-tagliarini/.m2/repository/net/bytebuddy/byte-buddy/1.14.19/byte-buddy-1.14.19.jar:/home/jo-o-tagliarini/.m2/repository/org/glassfish/jaxb/jaxb-runtime/4.0.5/jaxb-runtime-4.0.5.jar:/home/jo-o-tagliarini/.m2/repository/org/glassfish/jaxb/jaxb-core/4.0.5/jaxb-core-4.0.5.jar:/home/jo-o-tagliarini/.m2/repository/org/eclipse/angus/angus-activation/2.0.2/angus-activation-2.0.2.jar:/home/jo-o-tagliarini/.m2/repository/org/glassfish/jaxb/txw2/4.0.5/txw2-4.0.5.jar:/home/jo-o-tagliarini/.m2/repository/com/sun/istack/istack-commons-runtime/4.1.2/istack-commons-runtime-4.1.2.jar:/home/jo-o-tagliarini/.m2/repository/jakarta/inject/jakarta.inject-api/2.0.1/jakarta.inject-api-2.0.1.jar:/home/jo-o-tagliarini/.m2/repository/org/antlr/antlr4-runtime/4.13.0/antlr4-runtime-4.13.0.jar:/home/jo-o-tagliarini/.m2/repository/org/springframework/data/spring-data-jpa/3.3.5/spring-data-jpa-3.3.5.jar:/home/jo-o-tagliarini/.m2/repository/org/springframework/data/spring-data-commons/3.3.5/spring-data-commons-3.3.5.jar:/home/jo-o-tagliarini/.m2/repository/org/springframework/spring-orm/6.1.14/spring-orm-6.1.14.jar:/home/jo-o-tagliarini/.m2/repository/org/springframework/spring-context/6.1.14/spring-context-6.1.14.jar:/home/jo-o-tagliarini/.m2/repository/org/springframework/spring-tx/6.1.14/spring-tx-6.1.14.jar:/home/jo-o-tagliarini/.m2/repository/org/springframework/spring-beans/6.1.14/spring-beans-6.1.14.jar:/home/jo-o-tagliarini/.m2/repository/jakarta/annotation/jakarta.annotation-api/2.1.1/jakarta.annotation-api-2.1.1.jar:/home/jo-o-tagliarini/.m2/repository/org/slf4j/slf4j-api/2.0.16/slf4j-api-2.0.16.jar:/home/jo-o-tagliarini/.m2/repository/org/springframework/spring-aspects/6.1.14/spring-aspects-6.1.14.jar:/home/jo-o-tagliarini/.m2/repository/org/springframework/boot/spring-boot-starter-web/3.3.5/spring-boot-starter-web-3.3.5.jar:/home/jo-o-tagliarini/.m2/repository/org/springframework/boot/spring-boot-starter/3.3.5/spring-boot-starter-3.3.5.jar:/home/jo-o-tagliarini/.m2/repository/org/springframework/boot/spring-boot-starter-logging/3.3.5/spring-boot-starter-logging-3.3.5.jar:/home/jo-o-tagliarini/.m2/repository/ch/qos/logback/logback-classic/1.5.11/logback-classic-1.5.11.jar:/home/jo-o-tagliarini/.m2/repository/ch/qos/logback/logback-core/1.5.11/logback-core-1.5.11.jar:/home/jo-o-tagliarini/.m2/repository/org/apache/logging/log4j/log4j-to-slf4j/2.23.1/log4j-to-slf4j-2.23.1.jar:/home/jo-o-tagliarini/.m2/repository/org/apache/logging/log4j/log4j-api/2.23.1/log4j-api-2.23.1.jar:/home/jo-o-tagliarini/.m2/repository/org/slf4j/jul-to-slf4j/2.0.16/jul-to-slf4j-2.0.16.jar:/home/jo-o-tagliarini/.m2/repository/org/yaml/snakeyaml/2.2/snakeyaml-2.2.jar:/home/jo-o-tagliarini/.m2/repository/org/springframework/boot/spring-boot-starter-json/3.3.5/spring-boot-starter-json-3.3.5.jar:/home/jo-o-tagliarini/.m2/repository/com/fasterxml/jackson/core/jackson-databind/2.17.2/jackson-databind-2.17.2.jar:/home/jo-o-tagliarini/.m2/repository/com/fasterxml/jackson/core/jackson-annotations/2.17.2/jackson-annotations-2.17.2.jar:/home/jo-o-tagliarini/.m2/repository/com/fasterxml/jackson/core/jackson-core/2.17.2/jackson-core-2.17.2.jar:/home/jo-o-tagliarini/.m2/repository/com/fasterxml/jackson/datatype/jackson-datatype-jdk8/2.17.2/jackson-datatype-jdk8-2.17.2.jar:/home/jo-o-tagliarini/.m2/repository/com/fasterxml/jackson/datatype/jackson-datatype-jsr310/2.17.2/jackson-datatype-jsr310-2.17.2.jar:/home/jo-o-tagliarini/.m2/repository/com/fasterxml/jackson/module/jackson-module-parameter-names/2.17.2/jackson-module-parameter-names-2.17.2.jar:/home/jo-o-tagliarini/.m2/repository/org/springframework/boot/spring-boot-starter-tomcat/3.3.5/spring-boot-starter-tomcat-3.3.5.jar:/home/jo-o-tagliarini/.m2/repository/org/apache/tomcat/embed/tomcat-embed-core/10.1.31/tomcat-embed-core-10.1.31.jar:/home/jo-o-tagliarini/.m2/repository/org/apache/tomcat/embed/tomcat-embed-websocket/10.1.31/tomcat-embed-websocket-10.1.31.jar:/home/jo-o-tagliarini/.m2/repository/org/springframework/spring-web/6.1.14/spring-web-6.1.14.jar:/home/jo-o-tagliarini/.m2/repository/io/micrometer/micrometer-observation/1.13.6/micrometer-observation-1.13.6.jar:/home/jo-o-tagliarini/.m2/repository/io/micrometer/micrometer-commons/1.13.6/micrometer-commons-1.13.6.jar:/home/jo-o-tagliarini/.m2/repository/org/springframework/spring-webmvc/6.1.14/spring-webmvc-6.1.14.jar:/home/jo-o-tagliarini/.m2/repository/org/springframework/spring-expression/6.1.14/spring-expression-6.1.14.jar:/home/jo-o-tagliarini/.m2/repository/org/springframework/boot/spring-boot-devtools/3.3.5/spring-boot-devtools-3.3.5.jar:/home/jo-o-tagliarini/.m2/repository/org/springframework/boot/spring-boot/3.3.5/spring-boot-3.3.5.jar:/home/jo-o-tagliarini/.m2/repository/org/springframework/boot/spring-boot-autoconfigure/3.3.5/spring-boot-autoconfigure-3.3.5.jar:/home/jo-o-tagliarini/.m2/repository/com/h2database/h2/2.2.224/h2-2.2.224.jar:/home/jo-o-tagliarini/.m2/repository/org/projectlombok/lombok/1.18.34/lombok-1.18.34.jar:/home/jo-o-tagliarini/.m2/repository/org/springframework/boot/spring-boot-starter-test/3.3.5/spring-boot-starter-test-3.3.5.jar:/home/jo-o-tagliarini/.m2/repository/org/springframework/boot/spring-boot-test/3.3.5/spring-boot-test-3.3.5.jar:/home/jo-o-tagliarini/.m2/repository/org/springframework/boot/spring-boot-test-autoconfigure/3.3.5/spring-boot-test-autoconfigure-3.3.5.jar:/home/jo-o-tagliarini/.m2/repository/com/jayway/jsonpath/json-path/2.9.0/json-path-2.9.0.jar:/home/jo-o-tagliarini/.m2/repository/jakarta/xml/bind/jakarta.xml.bind-api/4.0.2/jakarta.xml.bind-api-4.0.2.jar:/home/jo-o-tagliarini/.m2/repository/jakarta/activation/jakarta.activation-api/2.1.3/jakarta.activation-api-2.1.3.jar:/home/jo-o-tagliarini/.m2/repository/net/minidev/json-smart/2.5.1/json-smart-2.5.1.jar:/home/jo-o-tagliarini/.m2/repository/net/minidev/accessors-smart/2.5.1/accessors-smart-2.5.1.jar:/home/jo-o-tagliarini/.m2/repository/org/ow2/asm/asm/9.6/asm-9.6.jar:/home/jo-o-tagliarini/.m2/repository/org/assertj/assertj-core/3.25.3/assertj-core-3.25.3.jar:/home/jo-o-tagliarini/.m2/repository/org/awaitility/awaitility/4.2.2/awaitility-4.2.2.jar:/home/jo-o-tagliarini/.m2/repository/org/hamcrest/hamcrest/2.2/hamcrest-2.2.jar:/home/jo-o-tagliarini/.m2/repository/org/junit/jupiter/junit-jupiter/5.10.5/junit-jupiter-5.10.5.jar:/home/jo-o-tagliarini/.m2/repository/org/junit/jupiter/junit-jupiter-api/5.10.5/junit-jupiter-api-5.10.5.jar:/home/jo-o-tagliarini/.m2/repository/org/opentest4j/opentest4j/1.3.0/opentest4j-1.3.0.jar:/home/jo-o-tagliarini/.m2/repository/org/junit/platform/junit-platform-commons/1.10.5/junit-platform-commons-1.10.5.jar:/home/jo-o-tagliarini/.m2/repository/org/apiguardian/apiguardian-api/1.1.2/apiguardian-api-1.1.2.jar:/home/jo-o-tagliarini/.m2/repository/org/junit/jupiter/junit-jupiter-params/5.10.5/junit-jupiter-params-5.10.5.jar:/home/jo-o-tagliarini/.m2/repository/org/junit/jupiter/junit-jupiter-engine/5.10.5/junit-jupiter-engine-5.10.5.jar:/home/jo-o-tagliarini/.m2/repository/org/junit/platform/junit-platform-engine/1.10.5/junit-platform-engine-1.10.5.jar:/home/jo-o-tagliarini/.m2/repository/org/mockito/mockito-core/5.11.0/mockito-core-5.11.0.jar:/home/jo-o-tagliarini/.m2/repository/net/bytebuddy/byte-buddy-agent/1.14.19/byte-buddy-agent-1.14.19.jar:/home/jo-o-tagliarini/.m2/repository/org/objenesis/objenesis/3.3/objenesis-3.3.jar:/home/jo-o-tagliarini/.m2/repository/org/mockito/mockito-junit-jupiter/5.11.0/mockito-junit-jupiter-5.11.0.jar:/home/jo-o-tagliarini/.m2/repository/org/skyscreamer/jsonassert/1.5.3/jsonassert-1.5.3.jar:/home/jo-o-tagliarini/.m2/repository/com/vaadin/external/google/android-json/0.0.20131108.vaadin1/android-json-0.0.20131108.vaadin1.jar:/home/jo-o-tagliarini/.m2/repository/org/springframework/spring-core/6.1.14/spring-core-6.1.14.jar:/home/jo-o-tagliarini/.m2/repository/org/springframework/spring-jcl/6.1.14/spring-jcl-6.1.14.jar:/home/jo-o-tagliarini/.m2/repository/org/springframework/spring-test/6.1.14/spring-test-6.1.14.jar:/home/jo-o-tagliarini/.m2/repository/org/xmlunit/xmlunit-core/2.9.1/xmlunit-core-2.9.1.jar:/home/jo-o-tagliarini/.m2/repository/org/springframework/boot/spring-boot-starter-validation/3.3.5/spring-boot-starter-validation-3.3.5.jar:/home/jo-o-tagliarini/.m2/repository/org/apache/tomcat/embed/tomcat-embed-el/10.1.31/tomcat-embed-el-10.1.31.jar:/home/jo-o-tagliarini/.m2/repository/org/hibernate/validator/hibernate-validator/8.0.1.Final/hibernate-validator-8.0.1.Final.jar:/home/jo-o-tagliarini/.m2/repository/jakarta/validation/jakarta.validation-api/3.0.2/jakarta.validation-api-3.0.2.jar:/home/jo-o-tagliarini/.m2/repository/org/jacoco/org.jacoco.agent/0.8.12/org.jacoco.agent-0.8.12.jar:"/>
    <property name="java.vm.vendor" value="Ubuntu"/>
    <property name="sun.arch.data.model" value="64"/>
    <property name="java.vendor.url" value="https://ubuntu.com/"/>
    <property name="user.timezone" value="America/Sao_Paulo"/>
    <property name="org.jboss.logging.provider" value="slf4j"/>
    <property name="os.name" value="Linux"/>
    <property name="java.vm.specification.version" value="21"/>
    <property name="sun.java.launcher" value="SUN_STANDARD"/>
    <property name="user.country" value="BR"/>
    <property name="sun.boot.library.path" value="/usr/lib/jvm/java-21-openjdk-amd64/lib"/>
    <property name="sun.java.command" value="/home/jo-o-tagliarini/eclipse-workspace/escola/target/surefire/surefirebooter-20241106192209251_3.jar /home/jo-o-tagliarini/eclipse-workspace/escola/target/surefire 2024-11-06T19-22-09_166-jvmRun1 surefire-20241106192209251_1tmp surefire_0-20241106192209251_2tmp"/>
    <property name="jdk.debug" value="release"/>
    <property name="surefire.test.class.path" value="/home/jo-o-tagliarini/eclipse-workspace/escola/target/test-classes:/home/jo-o-tagliarini/eclipse-workspace/escola/target/classes:/home/jo-o-tagliarini/.m2/repository/org/springframework/boot/spring-boot-starter-data-jpa/3.3.5/spring-boot-starter-data-jpa-3.3.5.jar:/home/jo-o-tagliarini/.m2/repository/org/springframework/boot/spring-boot-starter-aop/3.3.5/spring-boot-starter-aop-3.3.5.jar:/home/jo-o-tagliarini/.m2/repository/org/springframework/spring-aop/6.1.14/spring-aop-6.1.14.jar:/home/jo-o-tagliarini/.m2/repository/org/aspectj/aspectjweaver/1.9.22.1/aspectjweaver-1.9.22.1.jar:/home/jo-o-tagliarini/.m2/repository/org/springframework/boot/spring-boot-starter-jdbc/3.3.5/spring-boot-starter-jdbc-3.3.5.jar:/home/jo-o-tagliarini/.m2/repository/com/zaxxer/HikariCP/5.1.0/HikariCP-5.1.0.jar:/home/jo-o-tagliarini/.m2/repository/org/springframework/spring-jdbc/6.1.14/spring-jdbc-6.1.14.jar:/home/jo-o-tagliarini/.m2/repository/org/hibernate/orm/hibernate-core/6.5.3.Final/hibernate-core-6.5.3.Final.jar:/home/jo-o-tagliarini/.m2/repository/jakarta/persistence/jakarta.persistence-api/3.1.0/jakarta.persistence-api-3.1.0.jar:/home/jo-o-tagliarini/.m2/repository/jakarta/transaction/jakarta.transaction-api/2.0.1/jakarta.transaction-api-2.0.1.jar:/home/jo-o-tagliarini/.m2/repository/org/jboss/logging/jboss-logging/3.5.3.Final/jboss-logging-3.5.3.Final.jar:/home/jo-o-tagliarini/.m2/repository/org/hibernate/common/hibernate-commons-annotations/6.0.6.Final/hibernate-commons-annotations-6.0.6.Final.jar:/home/jo-o-tagliarini/.m2/repository/io/smallrye/jandex/3.1.2/jandex-3.1.2.jar:/home/jo-o-tagliarini/.m2/repository/com/fasterxml/classmate/1.7.0/classmate-1.7.0.jar:/home/jo-o-tagliarini/.m2/repository/net/bytebuddy/byte-buddy/1.14.19/byte-buddy-1.14.19.jar:/home/jo-o-tagliarini/.m2/repository/org/glassfish/jaxb/jaxb-runtime/4.0.5/jaxb-runtime-4.0.5.jar:/home/jo-o-tagliarini/.m2/repository/org/glassfish/jaxb/jaxb-core/4.0.5/jaxb-core-4.0.5.jar:/home/jo-o-tagliarini/.m2/repository/org/eclipse/angus/angus-activation/2.0.2/angus-activation-2.0.2.jar:/home/jo-o-tagliarini/.m2/repository/org/glassfish/jaxb/txw2/4.0.5/txw2-4.0.5.jar:/home/jo-o-tagliarini/.m2/repository/com/sun/istack/istack-commons-runtime/4.1.2/istack-commons-runtime-4.1.2.jar:/home/jo-o-tagliarini/.m2/repository/jakarta/inject/jakarta.inject-api/2.0.1/jakarta.inject-api-2.0.1.jar:/home/jo-o-tagliarini/.m2/repository/org/antlr/antlr4-runtime/4.13.0/antlr4-runtime-4.13.0.jar:/home/jo-o-tagliarini/.m2/repository/org/springframework/data/spring-data-jpa/3.3.5/spring-data-jpa-3.3.5.jar:/home/jo-o-tagliarini/.m2/repository/org/springframework/data/spring-data-commons/3.3.5/spring-data-commons-3.3.5.jar:/home/jo-o-tagliarini/.m2/repository/org/springframework/spring-orm/6.1.14/spring-orm-6.1.14.jar:/home/jo-o-tagliarini/.m2/repository/org/springframework/spring-context/6.1.14/spring-context-6.1.14.jar:/home/jo-o-tagliarini/.m2/repository/org/springframework/spring-tx/6.1.14/spring-tx-6.1.14.jar:/home/jo-o-tagliarini/.m2/repository/org/springframework/spring-beans/6.1.14/spring-beans-6.1.14.jar:/home/jo-o-tagliarini/.m2/repository/jakarta/annotation/jakarta.annotation-api/2.1.1/jakarta.annotation-api-2.1.1.jar:/home/jo-o-tagliarini/.m2/repository/org/slf4j/slf4j-api/2.0.16/slf4j-api-2.0.16.jar:/home/jo-o-tagliarini/.m2/repository/org/springframework/spring-aspects/6.1.14/spring-aspects-6.1.14.jar:/home/jo-o-tagliarini/.m2/repository/org/springframework/boot/spring-boot-starter-web/3.3.5/spring-boot-starter-web-3.3.5.jar:/home/jo-o-tagliarini/.m2/repository/org/springframework/boot/spring-boot-starter/3.3.5/spring-boot-starter-3.3.5.jar:/home/jo-o-tagliarini/.m2/repository/org/springframework/boot/spring-boot-starter-logging/3.3.5/spring-boot-starter-logging-3.3.5.jar:/home/jo-o-tagliarini/.m2/repository/ch/qos/logback/logback-classic/1.5.11/logback-classic-1.5.11.jar:/home/jo-o-tagliarini/.m2/repository/ch/qos/logback/logback-core/1.5.11/logback-core-1.5.11.jar:/home/jo-o-tagliarini/.m2/repository/org/apache/logging/log4j/log4j-to-slf4j/2.23.1/log4j-to-slf4j-2.23.1.jar:/home/jo-o-tagliarini/.m2/repository/org/apache/logging/log4j/log4j-api/2.23.1/log4j-api-2.23.1.jar:/home/jo-o-tagliarini/.m2/repository/org/slf4j/jul-to-slf4j/2.0.16/jul-to-slf4j-2.0.16.jar:/home/jo-o-tagliarini/.m2/repository/org/yaml/snakeyaml/2.2/snakeyaml-2.2.jar:/home/jo-o-tagliarini/.m2/repository/org/springframework/boot/spring-boot-starter-json/3.3.5/spring-boot-starter-json-3.3.5.jar:/home/jo-o-tagliarini/.m2/repository/com/fasterxml/jackson/core/jackson-databind/2.17.2/jackson-databind-2.17.2.jar:/home/jo-o-tagliarini/.m2/repository/com/fasterxml/jackson/core/jackson-annotations/2.17.2/jackson-annotations-2.17.2.jar:/home/jo-o-tagliarini/.m2/repository/com/fasterxml/jackson/core/jackson-core/2.17.2/jackson-core-2.17.2.jar:/home/jo-o-tagliarini/.m2/repository/com/fasterxml/jackson/datatype/jackson-datatype-jdk8/2.17.2/jackson-datatype-jdk8-2.17.2.jar:/home/jo-o-tagliarini/.m2/repository/com/fasterxml/jackson/datatype/jackson-datatype-jsr310/2.17.2/jackson-datatype-jsr310-2.17.2.jar:/home/jo-o-tagliarini/.m2/repository/com/fasterxml/jackson/module/jackson-module-parameter-names/2.17.2/jackson-module-parameter-names-2.17.2.jar:/home/jo-o-tagliarini/.m2/repository/org/springframework/boot/spring-boot-starter-tomcat/3.3.5/spring-boot-starter-tomcat-3.3.5.jar:/home/jo-o-tagliarini/.m2/repository/org/apache/tomcat/embed/tomcat-embed-core/10.1.31/tomcat-embed-core-10.1.31.jar:/home/jo-o-tagliarini/.m2/repository/org/apache/tomcat/embed/tomcat-embed-websocket/10.1.31/tomcat-embed-websocket-10.1.31.jar:/home/jo-o-tagliarini/.m2/repository/org/springframework/spring-web/6.1.14/spring-web-6.1.14.jar:/home/jo-o-tagliarini/.m2/repository/io/micrometer/micrometer-observation/1.13.6/micrometer-observation-1.13.6.jar:/home/jo-o-tagliarini/.m2/repository/io/micrometer/micrometer-commons/1.13.6/micrometer-commons-1.13.6.jar:/home/jo-o-tagliarini/.m2/repository/org/springframework/spring-webmvc/6.1.14/spring-webmvc-6.1.14.jar:/home/jo-o-tagliarini/.m2/repository/org/springframework/spring-expression/6.1.14/spring-expression-6.1.14.jar:/home/jo-o-tagliarini/.m2/repository/org/springframework/boot/spring-boot-devtools/3.3.5/spring-boot-devtools-3.3.5.jar:/home/jo-o-tagliarini/.m2/repository/org/springframework/boot/spring-boot/3.3.5/spring-boot-3.3.5.jar:/home/jo-o-tagliarini/.m2/repository/org/springframework/boot/spring-boot-autoconfigure/3.3.5/spring-boot-autoconfigure-3.3.5.jar:/home/jo-o-tagliarini/.m2/repository/com/h2database/h2/2.2.224/h2-2.2.224.jar:/home/jo-o-tagliarini/.m2/repository/org/projectlombok/lombok/1.18.34/lombok-1.18.34.jar:/home/jo-o-tagliarini/.m2/repository/org/springframework/boot/spring-boot-starter-test/3.3.5/spring-boot-starter-test-3.3.5.jar:/home/jo-o-tagliarini/.m2/repository/org/springframework/boot/spring-boot-test/3.3.5/spring-boot-test-3.3.5.jar:/home/jo-o-tagliarini/.m2/repository/org/springframework/boot/spring-boot-test-autoconfigure/3.3.5/spring-boot-test-autoconfigure-3.3.5.jar:/home/jo-o-tagliarini/.m2/repository/com/jayway/jsonpath/json-path/2.9.0/json-path-2.9.0.jar:/home/jo-o-tagliarini/.m2/repository/jakarta/xml/bind/jakarta.xml.bind-api/4.0.2/jakarta.xml.bind-api-4.0.2.jar:/home/jo-o-tagliarini/.m2/repository/jakarta/activation/jakarta.activation-api/2.1.3/jakarta.activation-api-2.1.3.jar:/home/jo-o-tagliarini/.m2/repository/net/minidev/json-smart/2.5.1/json-smart-2.5.1.jar:/home/jo-o-tagliarini/.m2/repository/net/minidev/accessors-smart/2.5.1/accessors-smart-2.5.1.jar:/home/jo-o-tagliarini/.m2/repository/org/ow2/asm/asm/9.6/asm-9.6.jar:/home/jo-o-tagliarini/.m2/repository/org/assertj/assertj-core/3.25.3/assertj-core-3.25.3.jar:/home/jo-o-tagliarini/.m2/repository/org/awaitility/awaitility/4.2.2/awaitility-4.2.2.jar:/home/jo-o-tagliarini/.m2/repository/org/hamcrest/hamcrest/2.2/hamcrest-2.2.jar:/home/jo-o-tagliarini/.m2/repository/org/junit/jupiter/junit-jupiter/5.10.5/junit-jupiter-5.10.5.jar:/home/jo-o-tagliarini/.m2/repository/org/junit/jupiter/junit-jupiter-api/5.10.5/junit-jupiter-api-5.10.5.jar:/home/jo-o-tagliarini/.m2/repository/org/opentest4j/opentest4j/1.3.0/opentest4j-1.3.0.jar:/home/jo-o-tagliarini/.m2/repository/org/junit/platform/junit-platform-commons/1.10.5/junit-platform-commons-1.10.5.jar:/home/jo-o-tagliarini/.m2/repository/org/apiguardian/apiguardian-api/1.1.2/apiguardian-api-1.1.2.jar:/home/jo-o-tagliarini/.m2/repository/org/junit/jupiter/junit-jupiter-params/5.10.5/junit-jupiter-params-5.10.5.jar:/home/jo-o-tagliarini/.m2/repository/org/junit/jupiter/junit-jupiter-engine/5.10.5/junit-jupiter-engine-5.10.5.jar:/home/jo-o-tagliarini/.m2/repository/org/junit/platform/junit-platform-engine/1.10.5/junit-platform-engine-1.10.5.jar:/home/jo-o-tagliarini/.m2/repository/org/mockito/mockito-core/5.11.0/mockito-core-5.11.0.jar:/home/jo-o-tagliarini/.m2/repository/net/bytebuddy/byte-buddy-agent/1.14.19/byte-buddy-agent-1.14.19.jar:/home/jo-o-tagliarini/.m2/repository/org/objenesis/objenesis/3.3/objenesis-3.3.jar:/home/jo-o-tagliarini/.m2/repository/org/mockito/mockito-junit-jupiter/5.11.0/mockito-junit-jupiter-5.11.0.jar:/home/jo-o-tagliarini/.m2/repository/org/skyscreamer/jsonassert/1.5.3/jsonassert-1.5.3.jar:/home/jo-o-tagliarini/.m2/repository/com/vaadin/external/google/android-json/0.0.20131108.vaadin1/android-json-0.0.20131108.vaadin1.jar:/home/jo-o-tagliarini/.m2/repository/org/springframework/spring-core/6.1.14/spring-core-6.1.14.jar:/home/jo-o-tagliarini/.m2/repository/org/springframework/spring-jcl/6.1.14/spring-jcl-6.1.14.jar:/home/jo-o-tagliarini/.m2/repository/org/springframework/spring-test/6.1.14/spring-test-6.1.14.jar:/home/jo-o-tagliarini/.m2/repository/org/xmlunit/xmlunit-core/2.9.1/xmlunit-core-2.9.1.jar:/home/jo-o-tagliarini/.m2/repository/org/springframework/boot/spring-boot-starter-validation/3.3.5/spring-boot-starter-validation-3.3.5.jar:/home/jo-o-tagliarini/.m2/repository/org/apache/tomcat/embed/tomcat-embed-el/10.1.31/tomcat-embed-el-10.1.31.jar:/home/jo-o-tagliarini/.m2/repository/org/hibernate/validator/hibernate-validator/8.0.1.Final/hibernate-validator-8.0.1.Final.jar:/home/jo-o-tagliarini/.m2/repository/jakarta/validation/jakarta.validation-api/3.0.2/jakarta.validation-api-3.0.2.jar:/home/jo-o-tagliarini/.m2/repository/org/jacoco/org.jacoco.agent/0.8.12/org.jacoco.agent-0.8.12.jar:"/>
    <property name="sun.cpu.endian" value="little"/>
    <property name="user.home" value="/home/jo-o-tagliarini"/>
    <property name="user.language" value="pt"/>
    <property name="java.specification.vendor" value="Oracle Corporation"/>
    <property name="java.version.date" value="2024-07-16"/>
    <property name="java.home" value="/usr/lib/jvm/java-21-openjdk-amd64"/>
    <property name="file.separator" value="/"/>
    <property name="basedir" value="/home/jo-o-tagliarini/eclipse-workspace/escola"/>
    <property name="java.vm.compressedOopsMode" value="Zero based"/>
    <property name="line.separator" value="&#10;"/>
    <property name="java.specification.name" value="Java Platform API Specification"/>
    <property name="java.vm.specification.vendor" value="Oracle Corporation"/>
    <property name="FILE_LOG_CHARSET" value="UTF-8"/>
    <property name="java.awt.headless" value="true"/>
    <property name="surefire.real.class.path" value="/home/jo-o-tagliarini/eclipse-workspace/escola/target/surefire/surefirebooter-20241106192209251_3.jar"/>
    <property name="sun.management.compiler" value="HotSpot 64-Bit Tiered Compilers"/>
    <property name="java.runtime.version" value="21.0.4+7-Ubuntu-1ubuntu224.04"/>
    <property name="user.name" value="jo-o-tagliarini"/>
    <property name="stdout.encoding" value="UTF-8"/>
    <property name="path.separator" value=":"/>
    <property name="os.version" value="6.8.0-48-generic"/>
    <property name="java.runtime.name" value="OpenJDK Runtime Environment"/>
    <property name="file.encoding" value="UTF-8"/>
    <property name="java.vm.name" value="OpenJDK 64-Bit Server VM"/>
    <property name="localRepository" value="/home/jo-o-tagliarini/.m2/repository"/>
    <property name="java.vendor.url.bug" value="https://bugs.launchpad.net/ubuntu/+source/openjdk-21"/>
    <property name="java.io.tmpdir" value="/tmp"/>
    <property name="com.zaxxer.hikari.pool_number" value="1"/>
    <property name="java.version" value="21.0.4"/>
    <property name="user.dir" value="/home/jo-o-tagliarini/eclipse-workspace/escola"/>
    <property name="os.arch" value="amd64"/>
    <property name="java.vm.specification.name" value="Java Virtual Machine Specification"/>
    <property name="PID" value="22855"/>
    <property name="CONSOLE_LOG_CHARSET" value="UTF-8"/>
    <property name="native.encoding" value="UTF-8"/>
    <property name="java.library.path" value="/usr/java/packages/lib:/usr/lib/x86_64-linux-gnu/jni:/lib/x86_64-linux-gnu:/usr/lib/x86_64-linux-gnu:/usr/lib/jni:/lib:/usr/lib"/>
    <property name="java.vm.info" value="mixed mode, sharing"/>
    <property name="stderr.encoding" value="UTF-8"/>
    <property name="java.vendor" value="Ubuntu"/>
    <property name="java.vm.version" value="21.0.4+7-Ubuntu-1ubuntu224.04"/>
    <property name="sun.io.unicode.encoding" value="UnicodeLittle"/>
    <property name="java.class.version" value="65.0"/>
    <property name="LOGGED_APPLICATION_NAME" value="[escola] "/>
  </properties>
  <testcase name="testFindAll" classname="com.sistema.escola.repository.CursoRepositoryTests" time="0.515">
    <system-out><![CDATA[2024-11-06T19:22:18.808-03:00  INFO 22855 --- [escola] [           main] t.c.s.AnnotationConfigContextLoaderUtils : Could not detect default configuration classes for test class [com.sistema.escola.repository.CursoRepositoryTests]: CursoRepositoryTests does not declare any static, non-private, non-final, nested classes annotated with @Configuration.
2024-11-06T19:22:18.862-03:00  INFO 22855 --- [escola] [           main] .b.t.c.SpringBootTestContextBootstrapper : Found @SpringBootConfiguration com.sistema.escola.EscolaApplication for test class com.sistema.escola.repository.CursoRepositoryTests
2024-11-06T19:22:18.867-03:00  INFO 22855 --- [escola] [           main] o.s.b.d.r.RestartApplicationListener     : Restart disabled due to context in which it is running

  .   ____          _            __ _ _
 /\\ / ___'_ __ _ _(_)_ __  __ _ \ \ \ \
( ( )\___ | '_ | '_| | '_ \/ _` | \ \ \ \
 \\/  ___)| |_)| | | | | || (_| |  ) ) ) )
  '  |____| .__|_| |_|_| |_\__, | / / / /
 =========|_|==============|___/=/_/_/_/

 :: Spring Boot ::                (v3.3.5)

2024-11-06T19:22:18.923-03:00  INFO 22855 --- [escola] [           main] c.s.e.repository.CursoRepositoryTests    : Starting CursoRepositoryTests using Java 21.0.4 with PID 22855 (started by jo-o-tagliarini in /home/jo-o-tagliarini/eclipse-workspace/escola)
2024-11-06T19:22:18.924-03:00  INFO 22855 --- [escola] [           main] c.s.e.repository.CursoRepositoryTests    : No active profile set, falling back to 1 default profile: "default"
2024-11-06T19:22:19.079-03:00  INFO 22855 --- [escola] [           main] .s.d.r.c.RepositoryConfigurationDelegate : Bootstrapping Spring Data JPA repositories in DEFAULT mode.
2024-11-06T19:22:19.094-03:00  INFO 22855 --- [escola] [           main] .s.d.r.c.RepositoryConfigurationDelegate : Finished Spring Data repository scanning in 14 ms. Found 3 JPA repository interfaces.
2024-11-06T19:22:19.121-03:00  INFO 22855 --- [escola] [           main] beddedDataSourceBeanFactoryPostProcessor : Replacing 'dataSource' DataSource bean with embedded version
2024-11-06T19:22:19.161-03:00  INFO 22855 --- [escola] [           main] o.s.j.d.e.EmbeddedDatabaseFactory        : Starting embedded database: url='jdbc:h2:mem:6b39a0ca-1ded-4804-a96b-3532730b93cf;DB_CLOSE_DELAY=-1;DB_CLOSE_ON_EXIT=false', username='sa'
2024-11-06T19:22:19.202-03:00  INFO 22855 --- [escola] [           main] o.hibernate.jpa.internal.util.LogHelper  : HHH000204: Processing PersistenceUnitInfo [name: default]
2024-11-06T19:22:19.204-03:00  INFO 22855 --- [escola] [           main] o.h.c.internal.RegionFactoryInitiator    : HHH000026: Second-level cache disabled
2024-11-06T19:22:19.214-03:00  INFO 22855 --- [escola] [           main] o.s.o.j.p.SpringPersistenceUnitInfo      : No LoadTimeWeaver setup: ignoring JPA class transformer
2024-11-06T19:22:19.216-03:00  WARN 22855 --- [escola] [           main] org.hibernate.orm.deprecation            : HHH90000025: H2Dialect does not need to be specified explicitly using 'hibernate.dialect' (remove the property setting and it will be selected by default)
2024-11-06T19:22:19.319-03:00  INFO 22855 --- [escola] [           main] o.h.e.t.j.p.i.JtaPlatformInitiator       : HHH000489: No JTA platform available (set 'hibernate.transaction.jta.platform' to enable JTA platform integration)
Hibernate: create table alunos (id varchar(255) not null, email_address varchar(255), name varchar(255), qtd_cursos_disponiveis integer not null, primary key (id))
Hibernate: create table cursos (id varchar(255) not null, codigo varchar(255), name varchar(255), primary key (id))
Hibernate: create table matriculas (id varchar(255) not null, codigo varchar(255), media float(53) not null, status tinyint check (status between 0 and 2), aluno_id varchar(255), curso_id varchar(255), primary key (id))
Hibernate: alter table if exists alunos drop constraint if exists UK2wc7relftsxs521l0xn572iqa
Hibernate: alter table if exists alunos add constraint UK2wc7relftsxs521l0xn572iqa unique (email_address)
Hibernate: alter table if exists cursos drop constraint if exists UK5chgkqo5rseqn463ia6onnoeu
Hibernate: alter table if exists cursos add constraint UK5chgkqo5rseqn463ia6onnoeu unique (codigo)
Hibernate: alter table if exists matriculas drop constraint if exists UKhpundbuq5suej1ca04g4a414a
Hibernate: alter table if exists matriculas add constraint UKhpundbuq5suej1ca04g4a414a unique (aluno_id, curso_id)
Hibernate: alter table if exists matriculas drop constraint if exists UKmqravgm9j60wvb1wqvsint26i
Hibernate: alter table if exists matriculas add constraint UKmqravgm9j60wvb1wqvsint26i unique (codigo)
Hibernate: alter table if exists matriculas add constraint FKrwsrt4qf6q7fghkawume7g1ya foreign key (aluno_id) references alunos
Hibernate: alter table if exists matriculas add constraint FKtgxnkauqy13npoi9q2t9n0ol5 foreign key (curso_id) references cursos
2024-11-06T19:22:19.334-03:00  INFO 22855 --- [escola] [           main] j.LocalContainerEntityManagerFactoryBean : Initialized JPA EntityManagerFactory for persistence unit 'default'
2024-11-06T19:22:19.419-03:00  INFO 22855 --- [escola] [           main] c.s.e.repository.CursoRepositoryTests    : Started CursoRepositoryTests in 0.552 seconds (process running for 10.107)
Hibernate: insert into cursos (codigo,name,id) values (?,?,?)
Hibernate: insert into cursos (codigo,name,id) values (?,?,?)
Hibernate: select c1_0.id,c1_0.codigo,c1_0.name from cursos c1_0
]]></system-out>
  </testcase>
  <testcase name="testSave" classname="com.sistema.escola.repository.CursoRepositoryTests" time="0.013"/>
  <testcase name="testFindById" classname="com.sistema.escola.repository.CursoRepositoryTests" time="0.022"/>
</testsuite>